<?xml version="1.0" encoding="UTF-8"?>
<!-- Generated by org.testng.reporters.JUnitReportReporter -->
<testsuite hostname="LAPTOP-1B3P48JH" failures="0" tests="1" name="com.hybrid.testClass.TC_LoginTestCase" time="33.674" errors="0" timestamp="2022-08-22T12:24:16 IST" skipped="0">
  <testcase classname="com.hybrid.testClass.TC_LoginTestCase" name="Login" time="33.674"/>
  <system-out/>
</testsuite> <!-- com.hybrid.testClass.TC_LoginTestCase -->
